<?xml version="1.0" encoding="UTF-8" ?>
<testsuite failures="0" time="31.151" errors="0" skipped="0" tests="2" name="cx.ath.mancel01.webframework.TemplateTest">
  <properties>
    <property name="java.runtime.name" value="Java(TM) SE Runtime Environment"/>
    <property name="sun.boot.library.path" value="/System/Library/Java/JavaVirtualMachines/1.6.0.jdk/Contents/Libraries"/>
    <property name="java.vm.version" value="17.1-b03-307"/>
    <property name="awt.nativeDoubleBuffering" value="true"/>
    <property name="gopherProxySet" value="false"/>
    <property name="mrj.build" value="10M3261"/>
    <property name="java.vm.vendor" value="Apple Inc."/>
    <property name="java.vendor.url" value="http://www.apple.com/"/>
    <property name="path.separator" value=":"/>
    <property name="java.vm.name" value="Java HotSpot(TM) 64-Bit Server VM"/>
    <property name="file.encoding.pkg" value="sun.io"/>
    <property name="user.country" value="FR"/>
    <property name="sun.java.launcher" value="SUN_STANDARD"/>
    <property name="sun.os.patch.level" value="unknown"/>
    <property name="java.vm.specification.name" value="Java Virtual Machine Specification"/>
    <property name="user.dir" value="/Users/mathieuancelin/workspace/perso/dependency-injection/webframework"/>
    <property name="java.runtime.version" value="1.6.0_22-b04-307-10M3261"/>
    <property name="java.awt.graphicsenv" value="apple.awt.CGraphicsEnvironment"/>
    <property name="basedir" value="/Users/mathieuancelin/workspace/perso/dependency-injection/webframework"/>
    <property name="java.endorsed.dirs" value="/System/Library/Java/JavaVirtualMachines/1.6.0.jdk/Contents/Home/lib/endorsed"/>
    <property name="os.arch" value="x86_64"/>
    <property name="surefire.real.class.path" value="/var/folders/fi/fisx1C5-GC05oBzfjIDZp++++TI/-Tmp-/surefirebooter1459380961061551733.jar"/>
    <property name="java.io.tmpdir" value="/var/folders/fi/fisx1C5-GC05oBzfjIDZp++++TI/-Tmp-/"/>
    <property name="line.separator" value="
"/>
    <property name="java.vm.specification.vendor" value="Sun Microsystems Inc."/>
    <property name="os.name" value="Mac OS X"/>
    <property name="sun.jnu.encoding" value="MacRoman"/>
    <property name="java.library.path" value=".:/Library/Java/Extensions:/System/Library/Java/Extensions:/usr/lib/java"/>
    <property name="surefire.test.class.path" value="/Users/mathieuancelin/workspace/perso/dependency-injection/webframework/target/test-classes:/Users/mathieuancelin/workspace/perso/dependency-injection/webframework/target/classes:/Users/mathieuancelin/.m2/repository/javax/servlet/servlet-api/2.5/servlet-api-2.5.jar:/Users/mathieuancelin/.m2/repository/javax/ws/rs/jsr311-api/1.1.1/jsr311-api-1.1.1.jar:/Users/mathieuancelin/.m2/repository/javax/inject/javax.inject/1/javax.inject-1.jar:/Users/mathieuancelin/.m2/repository/cx/ath/mancel01/dependency-shot-api/1.0-SNAPSHOT/dependency-shot-api-1.0-SNAPSHOT.jar:/Users/mathieuancelin/.m2/repository/cx/ath/mancel01/dependency-shot-core/1.0-SNAPSHOT/dependency-shot-core-1.0-SNAPSHOT.jar:/Users/mathieuancelin/.m2/repository/cx/ath/mancel01/dependency-shot-aop/1.0-SNAPSHOT/dependency-shot-aop-1.0-SNAPSHOT.jar:/Users/mathieuancelin/.m2/repository/aopalliance/aopalliance/1.0/aopalliance-1.0.jar:/Users/mathieuancelin/.m2/repository/javassist/javassist/3.8.0.GA/javassist-3.8.0.GA.jar:/Users/mathieuancelin/.m2/repository/cx/ath/mancel01/dependency-shot-lifecycle/1.0-SNAPSHOT/dependency-shot-lifecycle-1.0-SNAPSHOT.jar:/Users/mathieuancelin/.m2/repository/cx/ath/mancel01/dependency-shot-utils/1.0-SNAPSHOT/dependency-shot-utils-1.0-SNAPSHOT.jar:/Users/mathieuancelin/.m2/repository/org/codehaus/groovy/groovy-all/1.7.2/groovy-all-1.7.2.jar:/Users/mathieuancelin/.m2/repository/org/apache/velocity/velocity/1.7/velocity-1.7.jar:/Users/mathieuancelin/.m2/repository/commons-collections/commons-collections/3.2.1/commons-collections-3.2.1.jar:/Users/mathieuancelin/.m2/repository/commons-lang/commons-lang/2.4/commons-lang-2.4.jar:/Users/mathieuancelin/.m2/repository/org/freemarker/freemarker/2.3.16/freemarker-2.3.16.jar:/Users/mathieuancelin/.m2/repository/junit/junit/4.4/junit-4.4.jar:"/>
    <property name="java.specification.name" value="Java Platform API Specification"/>
    <property name="java.class.version" value="50.0"/>
    <property name="sun.management.compiler" value="HotSpot 64-Bit Server Compiler"/>
    <property name="os.version" value="10.6.4"/>
    <property name="http.nonProxyHosts" value="local|*.local|169.254/16|*.169.254/16"/>
    <property name="user.home" value="/Users/mathieuancelin"/>
    <property name="user.timezone" value=""/>
    <property name="java.awt.printerjob" value="apple.awt.CPrinterJob"/>
    <property name="java.specification.version" value="1.6"/>
    <property name="file.encoding" value="MacRoman"/>
    <property name="user.name" value="mathieuancelin"/>
    <property name="java.class.path" value="/Users/mathieuancelin/workspace/perso/dependency-injection/webframework/target/test-classes:/Users/mathieuancelin/workspace/perso/dependency-injection/webframework/target/classes:/Users/mathieuancelin/.m2/repository/javax/servlet/servlet-api/2.5/servlet-api-2.5.jar:/Users/mathieuancelin/.m2/repository/javax/ws/rs/jsr311-api/1.1.1/jsr311-api-1.1.1.jar:/Users/mathieuancelin/.m2/repository/javax/inject/javax.inject/1/javax.inject-1.jar:/Users/mathieuancelin/.m2/repository/cx/ath/mancel01/dependency-shot-api/1.0-SNAPSHOT/dependency-shot-api-1.0-SNAPSHOT.jar:/Users/mathieuancelin/.m2/repository/cx/ath/mancel01/dependency-shot-core/1.0-SNAPSHOT/dependency-shot-core-1.0-SNAPSHOT.jar:/Users/mathieuancelin/.m2/repository/cx/ath/mancel01/dependency-shot-aop/1.0-SNAPSHOT/dependency-shot-aop-1.0-SNAPSHOT.jar:/Users/mathieuancelin/.m2/repository/aopalliance/aopalliance/1.0/aopalliance-1.0.jar:/Users/mathieuancelin/.m2/repository/javassist/javassist/3.8.0.GA/javassist-3.8.0.GA.jar:/Users/mathieuancelin/.m2/repository/cx/ath/mancel01/dependency-shot-lifecycle/1.0-SNAPSHOT/dependency-shot-lifecycle-1.0-SNAPSHOT.jar:/Users/mathieuancelin/.m2/repository/cx/ath/mancel01/dependency-shot-utils/1.0-SNAPSHOT/dependency-shot-utils-1.0-SNAPSHOT.jar:/Users/mathieuancelin/.m2/repository/org/codehaus/groovy/groovy-all/1.7.2/groovy-all-1.7.2.jar:/Users/mathieuancelin/.m2/repository/org/apache/velocity/velocity/1.7/velocity-1.7.jar:/Users/mathieuancelin/.m2/repository/commons-collections/commons-collections/3.2.1/commons-collections-3.2.1.jar:/Users/mathieuancelin/.m2/repository/commons-lang/commons-lang/2.4/commons-lang-2.4.jar:/Users/mathieuancelin/.m2/repository/org/freemarker/freemarker/2.3.16/freemarker-2.3.16.jar:/Users/mathieuancelin/.m2/repository/junit/junit/4.4/junit-4.4.jar:"/>
    <property name="java.vm.specification.version" value="1.0"/>
    <property name="sun.arch.data.model" value="64"/>
    <property name="java.home" value="/System/Library/Java/JavaVirtualMachines/1.6.0.jdk/Contents/Home"/>
    <property name="java.specification.vendor" value="Sun Microsystems Inc."/>
    <property name="user.language" value="fr"/>
    <property name="awt.toolkit" value="apple.awt.CToolkit"/>
    <property name="java.vm.info" value="mixed mode"/>
    <property name="java.version" value="1.6.0_22"/>
    <property name="java.ext.dirs" value="/Library/Java/Extensions:/System/Library/Java/Extensions:/System/Library/Java/JavaVirtualMachines/1.6.0.jdk/Contents/Home/lib/ext"/>
    <property name="sun.boot.class.path" value="/System/Library/Java/JavaVirtualMachines/1.6.0.jdk/Contents/Classes/jsfd.jar:/System/Library/Java/JavaVirtualMachines/1.6.0.jdk/Contents/Classes/classes.jar:/System/Library/Frameworks/JavaVM.framework/Frameworks/JavaRuntimeSupport.framework/Resources/Java/JavaRuntimeSupport.jar:/System/Library/Java/JavaVirtualMachines/1.6.0.jdk/Contents/Classes/ui.jar:/System/Library/Java/JavaVirtualMachines/1.6.0.jdk/Contents/Classes/laf.jar:/System/Library/Java/JavaVirtualMachines/1.6.0.jdk/Contents/Classes/sunrsasign.jar:/System/Library/Java/JavaVirtualMachines/1.6.0.jdk/Contents/Classes/jsse.jar:/System/Library/Java/JavaVirtualMachines/1.6.0.jdk/Contents/Classes/jce.jar:/System/Library/Java/JavaVirtualMachines/1.6.0.jdk/Contents/Classes/charsets.jar"/>
    <property name="java.vendor" value="Apple Inc."/>
    <property name="localRepository" value="/Users/mathieuancelin/.m2/repository"/>
    <property name="file.separator" value="/"/>
    <property name="java.vendor.url.bug" value="http://bugreport.apple.com/"/>
    <property name="sun.cpu.endian" value="little"/>
    <property name="sun.io.unicode.encoding" value="UnicodeLittle"/>
    <property name="mrj.version" value="1060.1.6.0_22-307"/>
    <property name="socksNonProxyHosts" value="local|*.local|169.254/16|*.169.254/16"/>
    <property name="ftp.nonProxyHosts" value="local|*.local|169.254/16|*.169.254/16"/>
    <property name="sun.cpu.isalist" value=""/>
  </properties>
  <testcase time="0.003" classname="cx.ath.mancel01.webframework.TemplateTest" name="template"/>
  <testcase time="30.974" classname="cx.ath.mancel01.webframework.TemplateTest" name="httpServerTest"/>
</testsuite>